<?xml version="1.0" encoding="UTF-8"?>
<!-- Generated by org.testng.reporters.JUnitXMLReporter -->
<testsuite hostname="DESKTOP-HT45GS3" failures="0" tests="5" name="Login and Update Profile Test" time="605.865" errors="0" timestamp="21 Dec 2020 16:10:02 GMT">
  <testcase classname="Login.RunTestLogin" name="feature" time="93.813"/>
  <testcase classname="Registration.RunTestRegistration" name="feature" time="40.128"/>
  <testcase classname="AddingNewContacts.RunTestAddingNewContacts" name="feature" time="60.813"/>
  <testcase classname="SocialMediaHyperlink.RunTestSocialMediaHyperlink" name="feature" time="184.045"/>
  <testcase classname="AddingNewTask.RunTestAddingNewTask" name="feature" time="225.95"/>
</testsuite> <!-- Login and Update Profile Test -->
